2025-12-10T00:50:27.132+07:00  INFO 35216 --- [healthcare-store-backend] [restartedMain] i.f.s.HealthcareStoreBackendApplication  : Starting HealthcareStoreBackendApplication using Java 23.0.2 with PID 35216 (D:\WWW\BaiTapLon\source\BE\BEFull\healthcare-store-backend\target\classes started by Admin in D:\WWW\BaiTapLon\source\BE\BEFull\healthcare-store-backend)
2025-12-10T00:50:27.136+07:00  INFO 35216 --- [healthcare-store-backend] [restartedMain] i.f.s.HealthcareStoreBackendApplication  : No active profile set, falling back to 1 default profile: "default"
2025-12-10T00:50:27.182+07:00  INFO 35216 --- [healthcare-store-backend] [restartedMain] .e.DevToolsPropertyDefaultsPostProcessor : Devtools property defaults active! Set 'spring.devtools.add-properties' to 'false' to disable
2025-12-10T00:50:27.182+07:00  INFO 35216 --- [healthcare-store-backend] [restartedMain] .e.DevToolsPropertyDefaultsPostProcessor : For additional web related logging consider setting the 'logging.level.web' property to 'DEBUG'
2025-12-10T00:50:27.782+07:00  INFO 35216 --- [healthcare-store-backend] [restartedMain] .s.d.r.c.RepositoryConfigurationDelegate : Bootstrapping Spring Data JPA repositories in DEFAULT mode.
2025-12-10T00:50:27.796+07:00  INFO 35216 --- [healthcare-store-backend] [restartedMain] .s.d.r.c.RepositoryConfigurationDelegate : Finished Spring Data repository scanning in 6 ms. Found 0 JPA repository interfaces.
2025-12-10T00:50:28.152+07:00  INFO 35216 --- [healthcare-store-backend] [restartedMain] o.s.b.w.embedded.tomcat.TomcatWebServer  : Tomcat initialized with port 8386 (http)
2025-12-10T00:50:28.162+07:00  INFO 35216 --- [healthcare-store-backend] [restartedMain] o.apache.catalina.core.StandardService   : Starting service [Tomcat]
2025-12-10T00:50:28.162+07:00  INFO 35216 --- [healthcare-store-backend] [restartedMain] o.apache.catalina.core.StandardEngine    : Starting Servlet engine: [Apache Tomcat/10.1.48]
2025-12-10T00:50:28.196+07:00  INFO 35216 --- [healthcare-store-backend] [restartedMain] o.a.c.c.C.[Tomcat].[localhost].[/]       : Initializing Spring embedded WebApplicationContext
2025-12-10T00:50:28.196+07:00  INFO 35216 --- [healthcare-store-backend] [restartedMain] w.s.c.ServletWebServerApplicationContext : Root WebApplicationContext: initialization completed in 1013 ms
2025-12-10T00:50:28.554+07:00  INFO 35216 --- [healthcare-store-backend] [restartedMain] o.s.o.j.p.SpringPersistenceUnitInfo      : No LoadTimeWeaver setup: ignoring JPA class transformer
2025-12-10T00:50:28.576+07:00  INFO 35216 --- [healthcare-store-backend] [restartedMain] com.zaxxer.hikari.HikariDataSource       : HikariPool-1 - Starting...
2025-12-10T00:50:28.651+07:00  INFO 35216 --- [healthcare-store-backend] [restartedMain] com.zaxxer.hikari.pool.HikariPool        : HikariPool-1 - Added connection org.mariadb.jdbc.Connection@dbf6e04
2025-12-10T00:50:28.652+07:00  INFO 35216 --- [healthcare-store-backend] [restartedMain] com.zaxxer.hikari.HikariDataSource       : HikariPool-1 - Start completed.
2025-12-10T00:50:28.931+07:00  INFO 35216 --- [healthcare-store-backend] [restartedMain] j.LocalContainerEntityManagerFactoryBean : Initialized JPA EntityManagerFactory for persistence unit 'default'
2025-12-10T00:50:29.062+07:00  WARN 35216 --- [healthcare-store-backend] [restartedMain] JpaBaseConfiguration$JpaWebConfiguration : spring.jpa.open-in-view is enabled by default. Therefore, database queries may be performed during view rendering. Explicitly configure spring.jpa.open-in-view to disable this warning
2025-12-10T00:50:29.142+07:00 DEBUG 35216 --- [healthcare-store-backend] [restartedMain] s.w.s.m.m.a.RequestMappingHandlerMapping : 6 mappings in 'requestMappingHandlerMapping'
2025-12-10T00:50:29.209+07:00 DEBUG 35216 --- [healthcare-store-backend] [restartedMain] o.s.w.s.handler.SimpleUrlHandlerMapping  : Patterns [/webjars/**, /**, /swagger-ui*/*swagger-initializer.js, /swagger-ui*/**] in 'resourceHandlerMapping'
2025-12-10T00:50:29.236+07:00 DEBUG 35216 --- [healthcare-store-backend] [restartedMain] s.w.s.m.m.a.RequestMappingHandlerAdapter : ControllerAdvice beans: 0 @ModelAttribute, 0 @InitBinder, 1 RequestBodyAdvice, 1 ResponseBodyAdvice
2025-12-10T00:50:29.265+07:00 DEBUG 35216 --- [healthcare-store-backend] [restartedMain] .m.m.a.ExceptionHandlerExceptionResolver : ControllerAdvice beans: 1 @ExceptionHandler, 1 ResponseBodyAdvice
2025-12-10T00:50:29.471+07:00  WARN 35216 --- [healthcare-store-backend] [restartedMain] .s.s.UserDetailsServiceAutoConfiguration : 

Using generated security password: a0b53c38-584a-4654-b99c-24f12bddedb8

This generated password is for development use only. Your security configuration must be updated before running your application in production.

2025-12-10T00:50:29.478+07:00  INFO 35216 --- [healthcare-store-backend] [restartedMain] r$InitializeUserDetailsManagerConfigurer : Global AuthenticationManager configured with UserDetailsService bean with name inMemoryUserDetailsManager
2025-12-10T00:50:29.600+07:00  INFO 35216 --- [healthcare-store-backend] [restartedMain] o.s.b.d.a.OptionalLiveReloadServer       : LiveReload server is running on port 35729
2025-12-10T00:50:29.645+07:00  INFO 35216 --- [healthcare-store-backend] [restartedMain] o.s.b.w.embedded.tomcat.TomcatWebServer  : Tomcat started on port 8386 (http) with context path '/'
2025-12-10T00:50:29.654+07:00  INFO 35216 --- [healthcare-store-backend] [restartedMain] i.f.s.HealthcareStoreBackendApplication  : Started HealthcareStoreBackendApplication in 2.903 seconds (process running for 3.51)
2025-12-10T00:50:33.276+07:00  INFO 35216 --- [healthcare-store-backend] [File Watcher] rtingClassPathChangeChangedEventListener : Restarting due to 104 class path changes (104 additions, 0 deletions, 0 modifications)
2025-12-10T00:50:33.279+07:00  INFO 35216 --- [healthcare-store-backend] [Thread-5] o.s.b.w.e.tomcat.GracefulShutdown        : Commencing graceful shutdown. Waiting for active requests to complete
2025-12-10T00:50:33.283+07:00  INFO 35216 --- [healthcare-store-backend] [tomcat-shutdown] o.s.b.w.e.tomcat.GracefulShutdown        : Graceful shutdown complete
2025-12-10T00:50:33.286+07:00  INFO 35216 --- [healthcare-store-backend] [Thread-5] j.LocalContainerEntityManagerFactoryBean : Closing JPA EntityManagerFactory for persistence unit 'default'
2025-12-10T00:50:33.289+07:00  INFO 35216 --- [healthcare-store-backend] [Thread-5] com.zaxxer.hikari.HikariDataSource       : HikariPool-1 - Shutdown initiated...
2025-12-10T00:50:33.297+07:00  INFO 35216 --- [healthcare-store-backend] [Thread-5] com.zaxxer.hikari.HikariDataSource       : HikariPool-1 - Shutdown completed.
2025-12-10T00:50:33.363+07:00  INFO 35216 --- [healthcare-store-backend] [restartedMain] i.f.s.HealthcareStoreBackendApplication  : Starting HealthcareStoreBackendApplication using Java 23.0.2 with PID 35216 (D:\WWW\BaiTapLon\source\BE\BEFull\healthcare-store-backend\target\classes started by Admin in D:\WWW\BaiTapLon\source\BE\BEFull\healthcare-store-backend)
2025-12-10T00:50:33.363+07:00  INFO 35216 --- [healthcare-store-backend] [restartedMain] i.f.s.HealthcareStoreBackendApplication  : No active profile set, falling back to 1 default profile: "default"
2025-12-10T00:50:34.110+07:00  INFO 35216 --- [healthcare-store-backend] [restartedMain] .s.d.r.c.RepositoryConfigurationDelegate : Bootstrapping Spring Data JPA repositories in DEFAULT mode.
2025-12-10T00:50:34.166+07:00  INFO 35216 --- [healthcare-store-backend] [restartedMain] .s.d.r.c.RepositoryConfigurationDelegate : Finished Spring Data repository scanning in 55 ms. Found 8 JPA repository interfaces.
2025-12-10T00:50:34.326+07:00  INFO 35216 --- [healthcare-store-backend] [restartedMain] o.s.b.w.embedded.tomcat.TomcatWebServer  : Tomcat initialized with port 8386 (http)
2025-12-10T00:50:34.328+07:00  INFO 35216 --- [healthcare-store-backend] [restartedMain] o.apache.catalina.core.StandardService   : Starting service [Tomcat]
2025-12-10T00:50:34.328+07:00  INFO 35216 --- [healthcare-store-backend] [restartedMain] o.apache.catalina.core.StandardEngine    : Starting Servlet engine: [Apache Tomcat/10.1.48]
2025-12-10T00:50:34.346+07:00  INFO 35216 --- [healthcare-store-backend] [restartedMain] o.a.c.c.C.[Tomcat].[localhost].[/]       : Initializing Spring embedded WebApplicationContext
2025-12-10T00:50:34.346+07:00  INFO 35216 --- [healthcare-store-backend] [restartedMain] w.s.c.ServletWebServerApplicationContext : Root WebApplicationContext: initialization completed in 981 ms
2025-12-10T00:50:34.384+07:00  INFO 35216 --- [healthcare-store-backend] [restartedMain] o.s.o.j.p.SpringPersistenceUnitInfo      : No LoadTimeWeaver setup: ignoring JPA class transformer
2025-12-10T00:50:34.384+07:00  INFO 35216 --- [healthcare-store-backend] [restartedMain] com.zaxxer.hikari.HikariDataSource       : HikariPool-2 - Starting...
2025-12-10T00:50:34.391+07:00  INFO 35216 --- [healthcare-store-backend] [restartedMain] com.zaxxer.hikari.pool.HikariPool        : HikariPool-2 - Added connection org.mariadb.jdbc.Connection@760d6b61
2025-12-10T00:50:34.391+07:00  INFO 35216 --- [healthcare-store-backend] [restartedMain] com.zaxxer.hikari.HikariDataSource       : HikariPool-2 - Start completed.
2025-12-10T00:50:35.222+07:00  INFO 35216 --- [healthcare-store-backend] [restartedMain] j.LocalContainerEntityManagerFactoryBean : Initialized JPA EntityManagerFactory for persistence unit 'default'
2025-12-10T00:50:35.502+07:00  INFO 35216 --- [healthcare-store-backend] [restartedMain] o.s.d.j.r.query.QueryEnhancerFactory     : Hibernate is in classpath; If applicable, HQL parser will be used.
2025-12-10T00:50:36.587+07:00  WARN 35216 --- [healthcare-store-backend] [restartedMain] JpaBaseConfiguration$JpaWebConfiguration : spring.jpa.open-in-view is enabled by default. Therefore, database queries may be performed during view rendering. Explicitly configure spring.jpa.open-in-view to disable this warning
2025-12-10T00:50:36.618+07:00 DEBUG 35216 --- [healthcare-store-backend] [restartedMain] s.w.s.m.m.a.RequestMappingHandlerMapping : 52 mappings in 'requestMappingHandlerMapping'
2025-12-10T00:50:36.636+07:00 DEBUG 35216 --- [healthcare-store-backend] [restartedMain] o.s.w.s.handler.SimpleUrlHandlerMapping  : Patterns [/webjars/**, /**, /swagger-ui*/*swagger-initializer.js, /swagger-ui*/**] in 'resourceHandlerMapping'
2025-12-10T00:50:36.642+07:00  INFO 35216 --- [healthcare-store-backend] [restartedMain] eAuthenticationProviderManagerConfigurer : Global AuthenticationManager configured with AuthenticationProvider bean with name authenticationProvider
2025-12-10T00:50:36.643+07:00  WARN 35216 --- [healthcare-store-backend] [restartedMain] r$InitializeUserDetailsManagerConfigurer : Global AuthenticationManager configured with an AuthenticationProvider bean. UserDetailsService beans will not be used by Spring Security for automatically configuring username/password login. Consider removing the AuthenticationProvider bean. Alternatively, consider using the UserDetailsService in a manually instantiated DaoAuthenticationProvider. If the current configuration is intentional, to turn off this warning, increase the logging level of 'org.springframework.security.config.annotation.authentication.configuration.InitializeUserDetailsBeanManagerConfigurer' to ERROR
2025-12-10T00:50:36.683+07:00 DEBUG 35216 --- [healthcare-store-backend] [restartedMain] s.w.s.m.m.a.RequestMappingHandlerAdapter : ControllerAdvice beans: 0 @ModelAttribute, 0 @InitBinder, 1 RequestBodyAdvice, 1 ResponseBodyAdvice
2025-12-10T00:50:36.687+07:00 DEBUG 35216 --- [healthcare-store-backend] [restartedMain] .m.m.a.ExceptionHandlerExceptionResolver : ControllerAdvice beans: 2 @ExceptionHandler, 1 ResponseBodyAdvice
2025-12-10T00:50:36.711+07:00  INFO 35216 --- [healthcare-store-backend] [restartedMain] o.s.b.d.a.OptionalLiveReloadServer       : LiveReload server is running on port 35729
2025-12-10T00:50:36.720+07:00  INFO 35216 --- [healthcare-store-backend] [restartedMain] o.s.b.w.embedded.tomcat.TomcatWebServer  : Tomcat started on port 8386 (http) with context path '/'
2025-12-10T00:50:36.722+07:00  INFO 35216 --- [healthcare-store-backend] [restartedMain] i.f.s.HealthcareStoreBackendApplication  : Started HealthcareStoreBackendApplication in 3.385 seconds (process running for 10.579)
2025-12-10T00:50:36.725+07:00  INFO 35216 --- [healthcare-store-backend] [restartedMain] .ConditionEvaluationDeltaLoggingListener : Condition evaluation delta:


==========================
CONDITION EVALUATION DELTA
==========================


Positive matches:
-----------------

    None


Negative matches:
-----------------

   SpringBootWebSecurityConfiguration.SecurityFilterChainConfiguration:
      Did not match:
         - AllNestedConditions 1 matched 1 did not; NestedCondition on DefaultWebSecurityCondition.Beans @ConditionalOnMissingBean (types: org.springframework.security.web.SecurityFilterChain; SearchStrategy: all) found beans of type 'org.springframework.security.web.SecurityFilterChain' filterChain; NestedCondition on DefaultWebSecurityCondition.Classes @ConditionalOnClass found required classes 'org.springframework.security.web.SecurityFilterChain', 'org.springframework.security.config.annotation.web.builders.HttpSecurity' (DefaultWebSecurityCondition)

   SpringBootWebSecurityConfiguration.WebSecurityEnablerConfiguration:
      Did not match:
         - @ConditionalOnMissingBean (names: springSecurityFilterChain; SearchStrategy: all) found beans named springSecurityFilterChain (OnBeanCondition)
      Matched:
         - @ConditionalOnClass found required class 'org.springframework.security.config.annotation.web.configuration.EnableWebSecurity' (OnClassCondition)

   UserDetailsServiceAutoConfiguration:
      Did not match:
         - @ConditionalOnMissingBean (types: org.springframework.security.authentication.AuthenticationManager,org.springframework.security.authentication.AuthenticationProvider,org.springframework.security.core.userdetails.UserDetailsService,org.springframework.security.authentication.AuthenticationManagerResolver,?; SearchStrategy: all) found beans of type 'org.springframework.security.core.userdetails.UserDetailsService' jpaUserDetailsService and found beans of type 'org.springframework.security.authentication.AuthenticationProvider' authenticationProvider (OnBeanCondition)
      Matched:
         - @ConditionalOnClass found required class 'org.springframework.security.authentication.AuthenticationManager' (OnClassCondition)
         - found 'session' scope (OnWebApplicationCondition)
         - AnyNestedCondition 1 matched 2 did not; NestedCondition on UserDetailsServiceAutoConfiguration.MissingAlternativeOrUserPropertiesConfigured.PasswordConfigured @ConditionalOnProperty (spring.security.user.password) did not find property 'spring.security.user.password'; NestedCondition on UserDetailsServiceAutoConfiguration.MissingAlternativeOrUserPropertiesConfigured.NameConfigured @ConditionalOnProperty (spring.security.user.name) did not find property 'spring.security.user.name'; NestedCondition on UserDetailsServiceAutoConfiguration.MissingAlternativeOrUserPropertiesConfigured.MissingAlternative @ConditionalOnMissingClass did not find unwanted classes 'org.springframework.security.oauth2.client.registration.ClientRegistrationRepository', 'org.springframework.security.oauth2.server.resource.introspection.OpaqueTokenIntrospector', 'org.springframework.security.saml2.provider.service.registration.RelyingPartyRegistrationRepository' (UserDetailsServiceAutoConfiguration.MissingAlternativeOrUserPropertiesConfigured)


Exclusions:
-----------

    None


Unconditional classes:
----------------------

    None



2025-12-10T00:50:53.648+07:00  INFO 35216 --- [healthcare-store-backend] [http-nio-8386-exec-1] o.a.c.c.C.[Tomcat].[localhost].[/]       : Initializing Spring DispatcherServlet 'dispatcherServlet'
2025-12-10T00:50:53.648+07:00  INFO 35216 --- [healthcare-store-backend] [http-nio-8386-exec-1] o.s.web.servlet.DispatcherServlet        : Initializing Servlet 'dispatcherServlet'
2025-12-10T00:50:53.648+07:00 DEBUG 35216 --- [healthcare-store-backend] [http-nio-8386-exec-1] o.s.web.servlet.DispatcherServlet        : Detected StandardServletMultipartResolver
2025-12-10T00:50:53.648+07:00 DEBUG 35216 --- [healthcare-store-backend] [http-nio-8386-exec-1] o.s.web.servlet.DispatcherServlet        : Detected AcceptHeaderLocaleResolver
2025-12-10T00:50:53.649+07:00 DEBUG 35216 --- [healthcare-store-backend] [http-nio-8386-exec-1] o.s.web.servlet.DispatcherServlet        : Detected FixedThemeResolver
2025-12-10T00:50:53.649+07:00 DEBUG 35216 --- [healthcare-store-backend] [http-nio-8386-exec-1] o.s.web.servlet.DispatcherServlet        : Detected org.springframework.web.servlet.view.DefaultRequestToViewNameTranslator@2eb9bdf2
2025-12-10T00:50:53.650+07:00 DEBUG 35216 --- [healthcare-store-backend] [http-nio-8386-exec-1] o.s.web.servlet.DispatcherServlet        : Detected org.springframework.web.servlet.support.SessionFlashMapManager@de3310b
2025-12-10T00:50:53.650+07:00 DEBUG 35216 --- [healthcare-store-backend] [http-nio-8386-exec-1] o.s.web.servlet.DispatcherServlet        : enableLoggingRequestDetails='false': request parameters and headers will be masked to prevent unsafe logging of potentially sensitive data
2025-12-10T00:50:53.652+07:00  INFO 35216 --- [healthcare-store-backend] [http-nio-8386-exec-1] o.s.web.servlet.DispatcherServlet        : Completed initialization in 2 ms
2025-12-10T00:51:15.509+07:00 DEBUG 35216 --- [healthcare-store-backend] [http-nio-8386-exec-3] o.s.web.servlet.DispatcherServlet        : POST "/api/auth/login", parameters={}
2025-12-10T00:51:15.510+07:00 DEBUG 35216 --- [healthcare-store-backend] [http-nio-8386-exec-3] s.w.s.m.m.a.RequestMappingHandlerMapping : Mapped to iuh.fit.se.controllers.AuthController#login(LoginRequest)
2025-12-10T00:51:15.561+07:00 DEBUG 35216 --- [healthcare-store-backend] [http-nio-8386-exec-3] m.m.a.RequestResponseBodyMethodProcessor : Read "application/json;charset=UTF-8" to [iuh.fit.se.dtos.auth.LoginRequest@2acd591]
2025-12-10T00:51:15.803+07:00 DEBUG 35216 --- [healthcare-store-backend] [http-nio-8386-exec-3] o.s.w.s.m.m.a.HttpEntityMethodProcessor  : Using 'application/json', given [*/*] and supported [application/json, application/*+json, application/yaml]
2025-12-10T00:51:15.804+07:00 DEBUG 35216 --- [healthcare-store-backend] [http-nio-8386-exec-3] o.s.w.s.m.m.a.HttpEntityMethodProcessor  : Writing [iuh.fit.se.dtos.auth.LoginResponse@5e75f95a]
2025-12-10T00:51:15.807+07:00 DEBUG 35216 --- [healthcare-store-backend] [http-nio-8386-exec-3] o.s.web.servlet.DispatcherServlet        : Completed 200 OK
2025-12-10T00:52:12.906+07:00 DEBUG 35216 --- [healthcare-store-backend] [http-nio-8386-exec-6] o.s.web.servlet.DispatcherServlet        : POST "/api/auth/login", parameters={}
2025-12-10T00:52:12.906+07:00 DEBUG 35216 --- [healthcare-store-backend] [http-nio-8386-exec-6] s.w.s.m.m.a.RequestMappingHandlerMapping : Mapped to iuh.fit.se.controllers.AuthController#login(LoginRequest)
2025-12-10T00:52:12.907+07:00 DEBUG 35216 --- [healthcare-store-backend] [http-nio-8386-exec-6] m.m.a.RequestResponseBodyMethodProcessor : Read "application/json;charset=UTF-8" to [iuh.fit.se.dtos.auth.LoginRequest@3f77eef3]
2025-12-10T00:52:12.986+07:00 DEBUG 35216 --- [healthcare-store-backend] [http-nio-8386-exec-6] o.s.w.s.m.m.a.HttpEntityMethodProcessor  : Using 'application/json', given [*/*] and supported [application/json, application/*+json, application/yaml]
2025-12-10T00:52:12.986+07:00 DEBUG 35216 --- [healthcare-store-backend] [http-nio-8386-exec-6] o.s.w.s.m.m.a.HttpEntityMethodProcessor  : Writing [iuh.fit.se.dtos.auth.LoginResponse@b1a26aa]
2025-12-10T00:52:12.987+07:00 DEBUG 35216 --- [healthcare-store-backend] [http-nio-8386-exec-6] o.s.web.servlet.DispatcherServlet        : Completed 200 OK
2025-12-10T00:56:38.738+07:00  INFO 35216 --- [healthcare-store-backend] [SpringApplicationShutdownHook] o.s.b.w.e.tomcat.GracefulShutdown        : Commencing graceful shutdown. Waiting for active requests to complete
2025-12-10T00:56:38.744+07:00  INFO 35216 --- [healthcare-store-backend] [tomcat-shutdown] o.s.b.w.e.tomcat.GracefulShutdown        : Graceful shutdown complete
2025-12-10T00:56:38.748+07:00  INFO 35216 --- [healthcare-store-backend] [SpringApplicationShutdownHook] j.LocalContainerEntityManagerFactoryBean : Closing JPA EntityManagerFactory for persistence unit 'default'
2025-12-10T00:56:38.748+07:00  INFO 35216 --- [healthcare-store-backend] [SpringApplicationShutdownHook] com.zaxxer.hikari.HikariDataSource       : HikariPool-2 - Shutdown initiated...
2025-12-10T00:56:38.757+07:00  INFO 35216 --- [healthcare-store-backend] [SpringApplicationShutdownHook] com.zaxxer.hikari.HikariDataSource       : HikariPool-2 - Shutdown completed.
2025-12-10T00:56:41.569+07:00  INFO 28052 --- [healthcare-store-backend] [restartedMain] i.f.s.HealthcareStoreBackendApplication  : Starting HealthcareStoreBackendApplication using Java 23.0.2 with PID 28052 (D:\WWW\BaiTapLon\source\BE\BEFull\healthcare-store-backend\target\classes started by Admin in D:\WWW\BaiTapLon\source\BE\BEFull\healthcare-store-backend)
2025-12-10T00:56:41.571+07:00  INFO 28052 --- [healthcare-store-backend] [restartedMain] i.f.s.HealthcareStoreBackendApplication  : No active profile set, falling back to 1 default profile: "default"
2025-12-10T00:56:41.606+07:00  INFO 28052 --- [healthcare-store-backend] [restartedMain] .e.DevToolsPropertyDefaultsPostProcessor : Devtools property defaults active! Set 'spring.devtools.add-properties' to 'false' to disable
2025-12-10T00:56:41.606+07:00  INFO 28052 --- [healthcare-store-backend] [restartedMain] .e.DevToolsPropertyDefaultsPostProcessor : For additional web related logging consider setting the 'logging.level.web' property to 'DEBUG'
2025-12-10T00:56:42.157+07:00  INFO 28052 --- [healthcare-store-backend] [restartedMain] .s.d.r.c.RepositoryConfigurationDelegate : Bootstrapping Spring Data JPA repositories in DEFAULT mode.
2025-12-10T00:56:42.217+07:00  INFO 28052 --- [healthcare-store-backend] [restartedMain] .s.d.r.c.RepositoryConfigurationDelegate : Finished Spring Data repository scanning in 53 ms. Found 8 JPA repository interfaces.
2025-12-10T00:56:42.546+07:00  INFO 28052 --- [healthcare-store-backend] [restartedMain] o.s.b.w.embedded.tomcat.TomcatWebServer  : Tomcat initialized with port 8386 (http)
2025-12-10T00:56:42.556+07:00  INFO 28052 --- [healthcare-store-backend] [restartedMain] o.apache.catalina.core.StandardService   : Starting service [Tomcat]
2025-12-10T00:56:42.556+07:00  INFO 28052 --- [healthcare-store-backend] [restartedMain] o.apache.catalina.core.StandardEngine    : Starting Servlet engine: [Apache Tomcat/10.1.48]
2025-12-10T00:56:42.591+07:00  INFO 28052 --- [healthcare-store-backend] [restartedMain] o.a.c.c.C.[Tomcat].[localhost].[/]       : Initializing Spring embedded WebApplicationContext
2025-12-10T00:56:42.591+07:00  INFO 28052 --- [healthcare-store-backend] [restartedMain] w.s.c.ServletWebServerApplicationContext : Root WebApplicationContext: initialization completed in 985 ms
2025-12-10T00:56:42.858+07:00  INFO 28052 --- [healthcare-store-backend] [restartedMain] o.s.o.j.p.SpringPersistenceUnitInfo      : No LoadTimeWeaver setup: ignoring JPA class transformer
2025-12-10T00:56:42.873+07:00  INFO 28052 --- [healthcare-store-backend] [restartedMain] com.zaxxer.hikari.HikariDataSource       : HikariPool-1 - Starting...
2025-12-10T00:56:42.927+07:00  INFO 28052 --- [healthcare-store-backend] [restartedMain] com.zaxxer.hikari.pool.HikariPool        : HikariPool-1 - Added connection org.mariadb.jdbc.Connection@2f6ebe49
2025-12-10T00:56:42.928+07:00  INFO 28052 --- [healthcare-store-backend] [restartedMain] com.zaxxer.hikari.HikariDataSource       : HikariPool-1 - Start completed.
2025-12-10T00:56:43.696+07:00  INFO 28052 --- [healthcare-store-backend] [restartedMain] j.LocalContainerEntityManagerFactoryBean : Initialized JPA EntityManagerFactory for persistence unit 'default'
2025-12-10T00:56:43.958+07:00  INFO 28052 --- [healthcare-store-backend] [restartedMain] o.s.d.j.r.query.QueryEnhancerFactory     : Hibernate is in classpath; If applicable, HQL parser will be used.
2025-12-10T00:56:45.034+07:00  WARN 28052 --- [healthcare-store-backend] [restartedMain] JpaBaseConfiguration$JpaWebConfiguration : spring.jpa.open-in-view is enabled by default. Therefore, database queries may be performed during view rendering. Explicitly configure spring.jpa.open-in-view to disable this warning
2025-12-10T00:56:45.109+07:00 DEBUG 28052 --- [healthcare-store-backend] [restartedMain] s.w.s.m.m.a.RequestMappingHandlerMapping : 52 mappings in 'requestMappingHandlerMapping'
2025-12-10T00:56:45.154+07:00 DEBUG 28052 --- [healthcare-store-backend] [restartedMain] o.s.w.s.handler.SimpleUrlHandlerMapping  : Patterns [/webjars/**, /**, /swagger-ui*/*swagger-initializer.js, /swagger-ui*/**] in 'resourceHandlerMapping'
2025-12-10T00:56:45.168+07:00  INFO 28052 --- [healthcare-store-backend] [restartedMain] eAuthenticationProviderManagerConfigurer : Global AuthenticationManager configured with AuthenticationProvider bean with name authenticationProvider
2025-12-10T00:56:45.169+07:00  WARN 28052 --- [healthcare-store-backend] [restartedMain] r$InitializeUserDetailsManagerConfigurer : Global AuthenticationManager configured with an AuthenticationProvider bean. UserDetailsService beans will not be used by Spring Security for automatically configuring username/password login. Consider removing the AuthenticationProvider bean. Alternatively, consider using the UserDetailsService in a manually instantiated DaoAuthenticationProvider. If the current configuration is intentional, to turn off this warning, increase the logging level of 'org.springframework.security.config.annotation.authentication.configuration.InitializeUserDetailsBeanManagerConfigurer' to ERROR
2025-12-10T00:56:45.286+07:00 DEBUG 28052 --- [healthcare-store-backend] [restartedMain] s.w.s.m.m.a.RequestMappingHandlerAdapter : ControllerAdvice beans: 0 @ModelAttribute, 0 @InitBinder, 1 RequestBodyAdvice, 1 ResponseBodyAdvice
2025-12-10T00:56:45.322+07:00 DEBUG 28052 --- [healthcare-store-backend] [restartedMain] .m.m.a.ExceptionHandlerExceptionResolver : ControllerAdvice beans: 2 @ExceptionHandler, 1 ResponseBodyAdvice
2025-12-10T00:56:45.445+07:00  INFO 28052 --- [healthcare-store-backend] [restartedMain] o.s.b.d.a.OptionalLiveReloadServer       : LiveReload server is running on port 35729
2025-12-10T00:56:45.480+07:00  INFO 28052 --- [healthcare-store-backend] [restartedMain] o.s.b.w.embedded.tomcat.TomcatWebServer  : Tomcat started on port 8386 (http) with context path '/'
2025-12-10T00:56:45.488+07:00  INFO 28052 --- [healthcare-store-backend] [restartedMain] i.f.s.HealthcareStoreBackendApplication  : Started HealthcareStoreBackendApplication in 4.248 seconds (process running for 4.662)
2025-12-10T00:56:50.206+07:00  INFO 28052 --- [healthcare-store-backend] [http-nio-8386-exec-1] o.a.c.c.C.[Tomcat].[localhost].[/]       : Initializing Spring DispatcherServlet 'dispatcherServlet'
2025-12-10T00:56:50.206+07:00  INFO 28052 --- [healthcare-store-backend] [http-nio-8386-exec-1] o.s.web.servlet.DispatcherServlet        : Initializing Servlet 'dispatcherServlet'
2025-12-10T00:56:50.206+07:00 DEBUG 28052 --- [healthcare-store-backend] [http-nio-8386-exec-1] o.s.web.servlet.DispatcherServlet        : Detected StandardServletMultipartResolver
2025-12-10T00:56:50.206+07:00 DEBUG 28052 --- [healthcare-store-backend] [http-nio-8386-exec-1] o.s.web.servlet.DispatcherServlet        : Detected AcceptHeaderLocaleResolver
2025-12-10T00:56:50.207+07:00 DEBUG 28052 --- [healthcare-store-backend] [http-nio-8386-exec-1] o.s.web.servlet.DispatcherServlet        : Detected FixedThemeResolver
2025-12-10T00:56:50.207+07:00 DEBUG 28052 --- [healthcare-store-backend] [http-nio-8386-exec-1] o.s.web.servlet.DispatcherServlet        : Detected org.springframework.web.servlet.view.DefaultRequestToViewNameTranslator@2ad0923
2025-12-10T00:56:50.208+07:00 DEBUG 28052 --- [healthcare-store-backend] [http-nio-8386-exec-1] o.s.web.servlet.DispatcherServlet        : Detected org.springframework.web.servlet.support.SessionFlashMapManager@3beabe54
2025-12-10T00:56:50.208+07:00 DEBUG 28052 --- [healthcare-store-backend] [http-nio-8386-exec-1] o.s.web.servlet.DispatcherServlet        : enableLoggingRequestDetails='false': request parameters and headers will be masked to prevent unsafe logging of potentially sensitive data
2025-12-10T00:56:50.208+07:00  INFO 28052 --- [healthcare-store-backend] [http-nio-8386-exec-1] o.s.web.servlet.DispatcherServlet        : Completed initialization in 2 ms
2025-12-10T00:57:52.997+07:00  INFO 28052 --- [healthcare-store-backend] [SpringApplicationShutdownHook] o.s.b.w.e.tomcat.GracefulShutdown        : Commencing graceful shutdown. Waiting for active requests to complete
2025-12-10T00:57:53.001+07:00  INFO 28052 --- [healthcare-store-backend] [tomcat-shutdown] o.s.b.w.e.tomcat.GracefulShutdown        : Graceful shutdown complete
2025-12-10T00:57:53.006+07:00  INFO 28052 --- [healthcare-store-backend] [SpringApplicationShutdownHook] j.LocalContainerEntityManagerFactoryBean : Closing JPA EntityManagerFactory for persistence unit 'default'
2025-12-10T00:57:53.008+07:00  INFO 28052 --- [healthcare-store-backend] [SpringApplicationShutdownHook] com.zaxxer.hikari.HikariDataSource       : HikariPool-1 - Shutdown initiated...
2025-12-10T00:57:53.018+07:00  INFO 28052 --- [healthcare-store-backend] [SpringApplicationShutdownHook] com.zaxxer.hikari.HikariDataSource       : HikariPool-1 - Shutdown completed.
2025-12-10T00:57:56.378+07:00  INFO 32032 --- [healthcare-store-backend] [restartedMain] i.f.s.HealthcareStoreBackendApplication  : Starting HealthcareStoreBackendApplication using Java 23.0.2 with PID 32032 (D:\WWW\BaiTapLon\source\BE\BEFull\healthcare-store-backend\target\classes started by Admin in D:\WWW\BaiTapLon\source\BE\BEFull\healthcare-store-backend)
2025-12-10T00:57:56.378+07:00  INFO 32032 --- [healthcare-store-backend] [restartedMain] i.f.s.HealthcareStoreBackendApplication  : No active profile set, falling back to 1 default profile: "default"
2025-12-10T00:57:56.413+07:00  INFO 32032 --- [healthcare-store-backend] [restartedMain] .e.DevToolsPropertyDefaultsPostProcessor : Devtools property defaults active! Set 'spring.devtools.add-properties' to 'false' to disable
2025-12-10T00:57:56.413+07:00  INFO 32032 --- [healthcare-store-backend] [restartedMain] .e.DevToolsPropertyDefaultsPostProcessor : For additional web related logging consider setting the 'logging.level.web' property to 'DEBUG'
2025-12-10T00:57:56.976+07:00  INFO 32032 --- [healthcare-store-backend] [restartedMain] .s.d.r.c.RepositoryConfigurationDelegate : Bootstrapping Spring Data JPA repositories in DEFAULT mode.
2025-12-10T00:57:57.029+07:00  INFO 32032 --- [healthcare-store-backend] [restartedMain] .s.d.r.c.RepositoryConfigurationDelegate : Finished Spring Data repository scanning in 47 ms. Found 8 JPA repository interfaces.
2025-12-10T00:57:57.351+07:00  INFO 32032 --- [healthcare-store-backend] [restartedMain] o.s.b.w.embedded.tomcat.TomcatWebServer  : Tomcat initialized with port 8386 (http)
2025-12-10T00:57:57.360+07:00  INFO 32032 --- [healthcare-store-backend] [restartedMain] o.apache.catalina.core.StandardService   : Starting service [Tomcat]
2025-12-10T00:57:57.360+07:00  INFO 32032 --- [healthcare-store-backend] [restartedMain] o.apache.catalina.core.StandardEngine    : Starting Servlet engine: [Apache Tomcat/10.1.48]
2025-12-10T00:57:57.395+07:00  INFO 32032 --- [healthcare-store-backend] [restartedMain] o.a.c.c.C.[Tomcat].[localhost].[/]       : Initializing Spring embedded WebApplicationContext
2025-12-10T00:57:57.395+07:00  INFO 32032 --- [healthcare-store-backend] [restartedMain] w.s.c.ServletWebServerApplicationContext : Root WebApplicationContext: initialization completed in 982 ms
2025-12-10T00:57:57.675+07:00  INFO 32032 --- [healthcare-store-backend] [restartedMain] o.s.o.j.p.SpringPersistenceUnitInfo      : No LoadTimeWeaver setup: ignoring JPA class transformer
2025-12-10T00:57:57.692+07:00  INFO 32032 --- [healthcare-store-backend] [restartedMain] com.zaxxer.hikari.HikariDataSource       : HikariPool-1 - Starting...
2025-12-10T00:57:57.744+07:00  INFO 32032 --- [healthcare-store-backend] [restartedMain] com.zaxxer.hikari.pool.HikariPool        : HikariPool-1 - Added connection org.mariadb.jdbc.Connection@54f92459
2025-12-10T00:57:57.745+07:00  INFO 32032 --- [healthcare-store-backend] [restartedMain] com.zaxxer.hikari.HikariDataSource       : HikariPool-1 - Start completed.
2025-12-10T00:57:58.513+07:00  INFO 32032 --- [healthcare-store-backend] [restartedMain] j.LocalContainerEntityManagerFactoryBean : Initialized JPA EntityManagerFactory for persistence unit 'default'
2025-12-10T00:57:58.775+07:00  INFO 32032 --- [healthcare-store-backend] [restartedMain] o.s.d.j.r.query.QueryEnhancerFactory     : Hibernate is in classpath; If applicable, HQL parser will be used.
2025-12-10T00:57:59.838+07:00  WARN 32032 --- [healthcare-store-backend] [restartedMain] JpaBaseConfiguration$JpaWebConfiguration : spring.jpa.open-in-view is enabled by default. Therefore, database queries may be performed during view rendering. Explicitly configure spring.jpa.open-in-view to disable this warning
2025-12-10T00:57:59.912+07:00 DEBUG 32032 --- [healthcare-store-backend] [restartedMain] s.w.s.m.m.a.RequestMappingHandlerMapping : 52 mappings in 'requestMappingHandlerMapping'
2025-12-10T00:57:59.958+07:00 DEBUG 32032 --- [healthcare-store-backend] [restartedMain] o.s.w.s.handler.SimpleUrlHandlerMapping  : Patterns [/webjars/**, /**, /swagger-ui*/*swagger-initializer.js, /swagger-ui*/**] in 'resourceHandlerMapping'
2025-12-10T00:57:59.973+07:00  INFO 32032 --- [healthcare-store-backend] [restartedMain] eAuthenticationProviderManagerConfigurer : Global AuthenticationManager configured with AuthenticationProvider bean with name authenticationProvider
2025-12-10T00:57:59.973+07:00  WARN 32032 --- [healthcare-store-backend] [restartedMain] r$InitializeUserDetailsManagerConfigurer : Global AuthenticationManager configured with an AuthenticationProvider bean. UserDetailsService beans will not be used by Spring Security for automatically configuring username/password login. Consider removing the AuthenticationProvider bean. Alternatively, consider using the UserDetailsService in a manually instantiated DaoAuthenticationProvider. If the current configuration is intentional, to turn off this warning, increase the logging level of 'org.springframework.security.config.annotation.authentication.configuration.InitializeUserDetailsBeanManagerConfigurer' to ERROR
2025-12-10T00:58:00.086+07:00 DEBUG 32032 --- [healthcare-store-backend] [restartedMain] s.w.s.m.m.a.RequestMappingHandlerAdapter : ControllerAdvice beans: 0 @ModelAttribute, 0 @InitBinder, 1 RequestBodyAdvice, 1 ResponseBodyAdvice
2025-12-10T00:58:00.113+07:00 DEBUG 32032 --- [healthcare-store-backend] [restartedMain] .m.m.a.ExceptionHandlerExceptionResolver : ControllerAdvice beans: 2 @ExceptionHandler, 1 ResponseBodyAdvice
2025-12-10T00:58:00.208+07:00  INFO 32032 --- [healthcare-store-backend] [restartedMain] o.s.b.d.a.OptionalLiveReloadServer       : LiveReload server is running on port 35729
2025-12-10T00:58:00.234+07:00  INFO 32032 --- [healthcare-store-backend] [restartedMain] o.s.b.w.embedded.tomcat.TomcatWebServer  : Tomcat started on port 8386 (http) with context path '/'
2025-12-10T00:58:00.239+07:00  INFO 32032 --- [healthcare-store-backend] [restartedMain] i.f.s.HealthcareStoreBackendApplication  : Started HealthcareStoreBackendApplication in 4.196 seconds (process running for 4.617)
2025-12-10T00:58:07.429+07:00  INFO 32032 --- [healthcare-store-backend] [http-nio-8386-exec-2] o.a.c.c.C.[Tomcat].[localhost].[/]       : Initializing Spring DispatcherServlet 'dispatcherServlet'
2025-12-10T00:58:07.429+07:00  INFO 32032 --- [healthcare-store-backend] [http-nio-8386-exec-2] o.s.web.servlet.DispatcherServlet        : Initializing Servlet 'dispatcherServlet'
2025-12-10T00:58:07.429+07:00 DEBUG 32032 --- [healthcare-store-backend] [http-nio-8386-exec-2] o.s.web.servlet.DispatcherServlet        : Detected StandardServletMultipartResolver
2025-12-10T00:58:07.429+07:00 DEBUG 32032 --- [healthcare-store-backend] [http-nio-8386-exec-2] o.s.web.servlet.DispatcherServlet        : Detected AcceptHeaderLocaleResolver
2025-12-10T00:58:07.429+07:00 DEBUG 32032 --- [healthcare-store-backend] [http-nio-8386-exec-2] o.s.web.servlet.DispatcherServlet        : Detected FixedThemeResolver
2025-12-10T00:58:07.430+07:00 DEBUG 32032 --- [healthcare-store-backend] [http-nio-8386-exec-2] o.s.web.servlet.DispatcherServlet        : Detected org.springframework.web.servlet.view.DefaultRequestToViewNameTranslator@76472707
2025-12-10T00:58:07.430+07:00 DEBUG 32032 --- [healthcare-store-backend] [http-nio-8386-exec-2] o.s.web.servlet.DispatcherServlet        : Detected org.springframework.web.servlet.support.SessionFlashMapManager@2ad0923
2025-12-10T00:58:07.431+07:00 DEBUG 32032 --- [healthcare-store-backend] [http-nio-8386-exec-2] o.s.web.servlet.DispatcherServlet        : enableLoggingRequestDetails='false': request parameters and headers will be masked to prevent unsafe logging of potentially sensitive data
2025-12-10T00:58:07.431+07:00  INFO 32032 --- [healthcare-store-backend] [http-nio-8386-exec-2] o.s.web.servlet.DispatcherServlet        : Completed initialization in 2 ms
2025-12-10T00:58:15.515+07:00 DEBUG 32032 --- [healthcare-store-backend] [http-nio-8386-exec-4] o.s.web.servlet.DispatcherServlet        : POST "/api/auth/login", parameters={}
2025-12-10T00:58:15.517+07:00 DEBUG 32032 --- [healthcare-store-backend] [http-nio-8386-exec-4] s.w.s.m.m.a.RequestMappingHandlerMapping : Mapped to iuh.fit.se.controllers.AuthController#login(LoginRequest)
2025-12-10T00:58:15.557+07:00 DEBUG 32032 --- [healthcare-store-backend] [http-nio-8386-exec-4] m.m.a.RequestResponseBodyMethodProcessor : Read "application/json;charset=UTF-8" to [iuh.fit.se.dtos.auth.LoginRequest@71cdc2ee]
2025-12-10T00:58:15.693+07:00 DEBUG 32032 --- [healthcare-store-backend] [http-nio-8386-exec-4] o.s.w.s.m.m.a.HttpEntityMethodProcessor  : Using 'application/json', given [*/*] and supported [application/json, application/*+json, application/yaml]
2025-12-10T00:58:15.693+07:00 DEBUG 32032 --- [healthcare-store-backend] [http-nio-8386-exec-4] o.s.w.s.m.m.a.HttpEntityMethodProcessor  : Writing [iuh.fit.se.dtos.auth.LoginResponse@1a74c1fb]
2025-12-10T00:58:15.696+07:00 DEBUG 32032 --- [healthcare-store-backend] [http-nio-8386-exec-4] o.s.web.servlet.DispatcherServlet        : Completed 200 OK
2025-12-10T01:00:04.009+07:00  INFO 32032 --- [healthcare-store-backend] [File Watcher] rtingClassPathChangeChangedEventListener : Restarting due to 1 class path change (0 additions, 1 deletion, 0 modifications)
2025-12-10T01:00:04.012+07:00  INFO 32032 --- [healthcare-store-backend] [Thread-5] o.s.b.w.e.tomcat.GracefulShutdown        : Commencing graceful shutdown. Waiting for active requests to complete
2025-12-10T01:00:04.019+07:00  INFO 32032 --- [healthcare-store-backend] [tomcat-shutdown] o.s.b.w.e.tomcat.GracefulShutdown        : Graceful shutdown complete
2025-12-10T01:00:04.024+07:00  INFO 32032 --- [healthcare-store-backend] [Thread-5] j.LocalContainerEntityManagerFactoryBean : Closing JPA EntityManagerFactory for persistence unit 'default'
2025-12-10T01:00:04.026+07:00  INFO 32032 --- [healthcare-store-backend] [Thread-5] com.zaxxer.hikari.HikariDataSource       : HikariPool-1 - Shutdown initiated...
2025-12-10T01:00:04.036+07:00  INFO 32032 --- [healthcare-store-backend] [Thread-5] com.zaxxer.hikari.HikariDataSource       : HikariPool-1 - Shutdown completed.
2025-12-10T01:00:04.113+07:00  INFO 32032 --- [healthcare-store-backend] [restartedMain] i.f.s.HealthcareStoreBackendApplication  : Starting HealthcareStoreBackendApplication using Java 23.0.2 with PID 32032 (D:\WWW\BaiTapLon\source\BE\BEFull\healthcare-store-backend\target\classes started by Admin in D:\WWW\BaiTapLon\source\BE\BEFull\healthcare-store-backend)
2025-12-10T01:00:04.113+07:00  INFO 32032 --- [healthcare-store-backend] [restartedMain] i.f.s.HealthcareStoreBackendApplication  : No active profile set, falling back to 1 default profile: "default"
2025-12-10T01:00:04.304+07:00  INFO 32032 --- [healthcare-store-backend] [restartedMain] .s.d.r.c.RepositoryConfigurationDelegate : Bootstrapping Spring Data JPA repositories in DEFAULT mode.
2025-12-10T01:00:04.329+07:00  INFO 32032 --- [healthcare-store-backend] [restartedMain] .s.d.r.c.RepositoryConfigurationDelegate : Finished Spring Data repository scanning in 24 ms. Found 8 JPA repository interfaces.
2025-12-10T01:00:04.398+07:00  INFO 32032 --- [healthcare-store-backend] [restartedMain] o.s.b.w.embedded.tomcat.TomcatWebServer  : Tomcat initialized with port 8386 (http)
2025-12-10T01:00:04.398+07:00  INFO 32032 --- [healthcare-store-backend] [restartedMain] o.apache.catalina.core.StandardService   : Starting service [Tomcat]
2025-12-10T01:00:04.398+07:00  INFO 32032 --- [healthcare-store-backend] [restartedMain] o.apache.catalina.core.StandardEngine    : Starting Servlet engine: [Apache Tomcat/10.1.48]
2025-12-10T01:00:04.414+07:00  INFO 32032 --- [healthcare-store-backend] [restartedMain] o.a.c.c.C.[Tomcat].[localhost].[/]       : Initializing Spring embedded WebApplicationContext
2025-12-10T01:00:04.414+07:00  INFO 32032 --- [healthcare-store-backend] [restartedMain] w.s.c.ServletWebServerApplicationContext : Root WebApplicationContext: initialization completed in 300 ms
2025-12-10T01:00:04.445+07:00  INFO 32032 --- [healthcare-store-backend] [restartedMain] o.s.o.j.p.SpringPersistenceUnitInfo      : No LoadTimeWeaver setup: ignoring JPA class transformer
2025-12-10T01:00:04.447+07:00  INFO 32032 --- [healthcare-store-backend] [restartedMain] com.zaxxer.hikari.HikariDataSource       : HikariPool-2 - Starting...
2025-12-10T01:00:04.456+07:00  INFO 32032 --- [healthcare-store-backend] [restartedMain] com.zaxxer.hikari.pool.HikariPool        : HikariPool-2 - Added connection org.mariadb.jdbc.Connection@7f5b1325
2025-12-10T01:00:04.456+07:00  INFO 32032 --- [healthcare-store-backend] [restartedMain] com.zaxxer.hikari.HikariDataSource       : HikariPool-2 - Start completed.
2025-12-10T01:00:04.644+07:00  INFO 32032 --- [healthcare-store-backend] [restartedMain] j.LocalContainerEntityManagerFactoryBean : Initialized JPA EntityManagerFactory for persistence unit 'default'
2025-12-10T01:00:04.834+07:00  WARN 32032 --- [healthcare-store-backend] [restartedMain] JpaBaseConfiguration$JpaWebConfiguration : spring.jpa.open-in-view is enabled by default. Therefore, database queries may be performed during view rendering. Explicitly configure spring.jpa.open-in-view to disable this warning
2025-12-10T01:00:04.871+07:00 DEBUG 32032 --- [healthcare-store-backend] [restartedMain] s.w.s.m.m.a.RequestMappingHandlerMapping : 52 mappings in 'requestMappingHandlerMapping'
2025-12-10T01:00:04.899+07:00 DEBUG 32032 --- [healthcare-store-backend] [restartedMain] o.s.w.s.handler.SimpleUrlHandlerMapping  : Patterns [/webjars/**, /**, /swagger-ui*/*swagger-initializer.js, /swagger-ui*/**] in 'resourceHandlerMapping'
2025-12-10T01:00:04.906+07:00  INFO 32032 --- [healthcare-store-backend] [restartedMain] eAuthenticationProviderManagerConfigurer : Global AuthenticationManager configured with AuthenticationProvider bean with name authenticationProvider
2025-12-10T01:00:04.906+07:00  WARN 32032 --- [healthcare-store-backend] [restartedMain] r$InitializeUserDetailsManagerConfigurer : Global AuthenticationManager configured with an AuthenticationProvider bean. UserDetailsService beans will not be used by Spring Security for automatically configuring username/password login. Consider removing the AuthenticationProvider bean. Alternatively, consider using the UserDetailsService in a manually instantiated DaoAuthenticationProvider. If the current configuration is intentional, to turn off this warning, increase the logging level of 'org.springframework.security.config.annotation.authentication.configuration.InitializeUserDetailsBeanManagerConfigurer' to ERROR
2025-12-10T01:00:04.944+07:00 DEBUG 32032 --- [healthcare-store-backend] [restartedMain] s.w.s.m.m.a.RequestMappingHandlerAdapter : ControllerAdvice beans: 0 @ModelAttribute, 0 @InitBinder, 1 RequestBodyAdvice, 1 ResponseBodyAdvice
2025-12-10T01:00:04.950+07:00 DEBUG 32032 --- [healthcare-store-backend] [restartedMain] .m.m.a.ExceptionHandlerExceptionResolver : ControllerAdvice beans: 2 @ExceptionHandler, 1 ResponseBodyAdvice
2025-12-10T01:00:04.977+07:00  INFO 32032 --- [healthcare-store-backend] [restartedMain] o.s.b.d.a.OptionalLiveReloadServer       : LiveReload server is running on port 35729
2025-12-10T01:00:04.987+07:00  INFO 32032 --- [healthcare-store-backend] [restartedMain] o.s.b.w.embedded.tomcat.TomcatWebServer  : Tomcat started on port 8386 (http) with context path '/'
2025-12-10T01:00:04.990+07:00  INFO 32032 --- [healthcare-store-backend] [restartedMain] i.f.s.HealthcareStoreBackendApplication  : Started HealthcareStoreBackendApplication in 0.908 seconds (process running for 129.367)
2025-12-10T01:00:04.991+07:00  INFO 32032 --- [healthcare-store-backend] [restartedMain] .ConditionEvaluationDeltaLoggingListener : Condition evaluation unchanged
2025-12-10T01:00:06.412+07:00  INFO 32032 --- [healthcare-store-backend] [File Watcher] rtingClassPathChangeChangedEventListener : Restarting due to 1 class path change (1 addition, 0 deletions, 0 modifications)
2025-12-10T01:00:06.413+07:00  INFO 32032 --- [healthcare-store-backend] [Thread-7] o.s.b.w.e.tomcat.GracefulShutdown        : Commencing graceful shutdown. Waiting for active requests to complete
2025-12-10T01:00:06.417+07:00  INFO 32032 --- [healthcare-store-backend] [tomcat-shutdown] o.s.b.w.e.tomcat.GracefulShutdown        : Graceful shutdown complete
2025-12-10T01:00:06.420+07:00  INFO 32032 --- [healthcare-store-backend] [Thread-7] j.LocalContainerEntityManagerFactoryBean : Closing JPA EntityManagerFactory for persistence unit 'default'
2025-12-10T01:00:06.421+07:00  INFO 32032 --- [healthcare-store-backend] [Thread-7] com.zaxxer.hikari.HikariDataSource       : HikariPool-2 - Shutdown initiated...
2025-12-10T01:00:06.428+07:00  INFO 32032 --- [healthcare-store-backend] [Thread-7] com.zaxxer.hikari.HikariDataSource       : HikariPool-2 - Shutdown completed.
2025-12-10T01:00:06.506+07:00  INFO 32032 --- [healthcare-store-backend] [restartedMain] i.f.s.HealthcareStoreBackendApplication  : Starting HealthcareStoreBackendApplication using Java 23.0.2 with PID 32032 (D:\WWW\BaiTapLon\source\BE\BEFull\healthcare-store-backend\target\classes started by Admin in D:\WWW\BaiTapLon\source\BE\BEFull\healthcare-store-backend)
2025-12-10T01:00:06.506+07:00  INFO 32032 --- [healthcare-store-backend] [restartedMain] i.f.s.HealthcareStoreBackendApplication  : No active profile set, falling back to 1 default profile: "default"
2025-12-10T01:00:06.630+07:00  INFO 32032 --- [healthcare-store-backend] [restartedMain] .s.d.r.c.RepositoryConfigurationDelegate : Bootstrapping Spring Data JPA repositories in DEFAULT mode.
2025-12-10T01:00:06.652+07:00  INFO 32032 --- [healthcare-store-backend] [restartedMain] .s.d.r.c.RepositoryConfigurationDelegate : Finished Spring Data repository scanning in 21 ms. Found 8 JPA repository interfaces.
2025-12-10T01:00:06.716+07:00  INFO 32032 --- [healthcare-store-backend] [restartedMain] o.s.b.w.embedded.tomcat.TomcatWebServer  : Tomcat initialized with port 8386 (http)
2025-12-10T01:00:06.716+07:00  INFO 32032 --- [healthcare-store-backend] [restartedMain] o.apache.catalina.core.StandardService   : Starting service [Tomcat]
2025-12-10T01:00:06.716+07:00  INFO 32032 --- [healthcare-store-backend] [restartedMain] o.apache.catalina.core.StandardEngine    : Starting Servlet engine: [Apache Tomcat/10.1.48]
2025-12-10T01:00:06.728+07:00  INFO 32032 --- [healthcare-store-backend] [restartedMain] o.a.c.c.C.[Tomcat].[localhost].[/]       : Initializing Spring embedded WebApplicationContext
2025-12-10T01:00:06.729+07:00  INFO 32032 --- [healthcare-store-backend] [restartedMain] w.s.c.ServletWebServerApplicationContext : Root WebApplicationContext: initialization completed in 222 ms
2025-12-10T01:00:06.751+07:00  INFO 32032 --- [healthcare-store-backend] [restartedMain] o.s.o.j.p.SpringPersistenceUnitInfo      : No LoadTimeWeaver setup: ignoring JPA class transformer
2025-12-10T01:00:06.752+07:00  INFO 32032 --- [healthcare-store-backend] [restartedMain] com.zaxxer.hikari.HikariDataSource       : HikariPool-3 - Starting...
2025-12-10T01:00:06.757+07:00  INFO 32032 --- [healthcare-store-backend] [restartedMain] com.zaxxer.hikari.pool.HikariPool        : HikariPool-3 - Added connection org.mariadb.jdbc.Connection@2a96b8a9
2025-12-10T01:00:06.757+07:00  INFO 32032 --- [healthcare-store-backend] [restartedMain] com.zaxxer.hikari.HikariDataSource       : HikariPool-3 - Start completed.
2025-12-10T01:00:06.897+07:00  INFO 32032 --- [healthcare-store-backend] [restartedMain] j.LocalContainerEntityManagerFactoryBean : Initialized JPA EntityManagerFactory for persistence unit 'default'
2025-12-10T01:00:07.075+07:00  WARN 32032 --- [healthcare-store-backend] [restartedMain] JpaBaseConfiguration$JpaWebConfiguration : spring.jpa.open-in-view is enabled by default. Therefore, database queries may be performed during view rendering. Explicitly configure spring.jpa.open-in-view to disable this warning
2025-12-10T01:00:07.098+07:00 DEBUG 32032 --- [healthcare-store-backend] [restartedMain] s.w.s.m.m.a.RequestMappingHandlerMapping : 52 mappings in 'requestMappingHandlerMapping'
2025-12-10T01:00:07.115+07:00 DEBUG 32032 --- [healthcare-store-backend] [restartedMain] o.s.w.s.handler.SimpleUrlHandlerMapping  : Patterns [/webjars/**, /**, /swagger-ui*/*swagger-initializer.js, /swagger-ui*/**] in 'resourceHandlerMapping'
2025-12-10T01:00:07.121+07:00  INFO 32032 --- [healthcare-store-backend] [restartedMain] eAuthenticationProviderManagerConfigurer : Global AuthenticationManager configured with AuthenticationProvider bean with name authenticationProvider
2025-12-10T01:00:07.121+07:00  WARN 32032 --- [healthcare-store-backend] [restartedMain] r$InitializeUserDetailsManagerConfigurer : Global AuthenticationManager configured with an AuthenticationProvider bean. UserDetailsService beans will not be used by Spring Security for automatically configuring username/password login. Consider removing the AuthenticationProvider bean. Alternatively, consider using the UserDetailsService in a manually instantiated DaoAuthenticationProvider. If the current configuration is intentional, to turn off this warning, increase the logging level of 'org.springframework.security.config.annotation.authentication.configuration.InitializeUserDetailsBeanManagerConfigurer' to ERROR
2025-12-10T01:00:07.157+07:00 DEBUG 32032 --- [healthcare-store-backend] [restartedMain] s.w.s.m.m.a.RequestMappingHandlerAdapter : ControllerAdvice beans: 0 @ModelAttribute, 0 @InitBinder, 1 RequestBodyAdvice, 1 ResponseBodyAdvice
2025-12-10T01:00:07.162+07:00 DEBUG 32032 --- [healthcare-store-backend] [restartedMain] .m.m.a.ExceptionHandlerExceptionResolver : ControllerAdvice beans: 2 @ExceptionHandler, 1 ResponseBodyAdvice
2025-12-10T01:00:07.190+07:00  INFO 32032 --- [healthcare-store-backend] [restartedMain] o.s.b.d.a.OptionalLiveReloadServer       : LiveReload server is running on port 35729
2025-12-10T01:00:07.201+07:00  INFO 32032 --- [healthcare-store-backend] [restartedMain] o.s.b.w.embedded.tomcat.TomcatWebServer  : Tomcat started on port 8386 (http) with context path '/'
2025-12-10T01:00:07.203+07:00  INFO 32032 --- [healthcare-store-backend] [restartedMain] i.f.s.HealthcareStoreBackendApplication  : Started HealthcareStoreBackendApplication in 0.713 seconds (process running for 131.581)
2025-12-10T01:00:07.204+07:00  INFO 32032 --- [healthcare-store-backend] [restartedMain] .ConditionEvaluationDeltaLoggingListener : Condition evaluation unchanged
2025-12-10T01:00:10.156+07:00  INFO 32032 --- [healthcare-store-backend] [http-nio-8386-exec-2] o.a.c.c.C.[Tomcat].[localhost].[/]       : Initializing Spring DispatcherServlet 'dispatcherServlet'
2025-12-10T01:00:10.156+07:00  INFO 32032 --- [healthcare-store-backend] [http-nio-8386-exec-2] o.s.web.servlet.DispatcherServlet        : Initializing Servlet 'dispatcherServlet'
2025-12-10T01:00:10.157+07:00 DEBUG 32032 --- [healthcare-store-backend] [http-nio-8386-exec-2] o.s.web.servlet.DispatcherServlet        : Detected StandardServletMultipartResolver
2025-12-10T01:00:10.157+07:00 DEBUG 32032 --- [healthcare-store-backend] [http-nio-8386-exec-2] o.s.web.servlet.DispatcherServlet        : Detected AcceptHeaderLocaleResolver
2025-12-10T01:00:10.157+07:00 DEBUG 32032 --- [healthcare-store-backend] [http-nio-8386-exec-2] o.s.web.servlet.DispatcherServlet        : Detected FixedThemeResolver
2025-12-10T01:00:10.157+07:00 DEBUG 32032 --- [healthcare-store-backend] [http-nio-8386-exec-2] o.s.web.servlet.DispatcherServlet        : Detected org.springframework.web.servlet.view.DefaultRequestToViewNameTranslator@31eee614
2025-12-10T01:00:10.158+07:00 DEBUG 32032 --- [healthcare-store-backend] [http-nio-8386-exec-2] o.s.web.servlet.DispatcherServlet        : Detected org.springframework.web.servlet.support.SessionFlashMapManager@23783b24
2025-12-10T01:00:10.158+07:00 DEBUG 32032 --- [healthcare-store-backend] [http-nio-8386-exec-2] o.s.web.servlet.DispatcherServlet        : enableLoggingRequestDetails='false': request parameters and headers will be masked to prevent unsafe logging of potentially sensitive data
2025-12-10T01:00:10.158+07:00  INFO 32032 --- [healthcare-store-backend] [http-nio-8386-exec-2] o.s.web.servlet.DispatcherServlet        : Completed initialization in 1 ms
2025-12-10T01:00:53.794+07:00  INFO 32032 --- [healthcare-store-backend] [SpringApplicationShutdownHook] o.s.b.w.e.tomcat.GracefulShutdown        : Commencing graceful shutdown. Waiting for active requests to complete
2025-12-10T01:00:53.799+07:00  INFO 32032 --- [healthcare-store-backend] [tomcat-shutdown] o.s.b.w.e.tomcat.GracefulShutdown        : Graceful shutdown complete
2025-12-10T01:00:53.801+07:00  INFO 32032 --- [healthcare-store-backend] [SpringApplicationShutdownHook] j.LocalContainerEntityManagerFactoryBean : Closing JPA EntityManagerFactory for persistence unit 'default'
2025-12-10T01:00:53.802+07:00  INFO 32032 --- [healthcare-store-backend] [SpringApplicationShutdownHook] com.zaxxer.hikari.HikariDataSource       : HikariPool-3 - Shutdown initiated...
2025-12-10T01:00:53.809+07:00  INFO 32032 --- [healthcare-store-backend] [SpringApplicationShutdownHook] com.zaxxer.hikari.HikariDataSource       : HikariPool-3 - Shutdown completed.
2025-12-10T01:02:58.801+07:00  INFO 14468 --- [healthcare-store-backend] [restartedMain] i.f.s.HealthcareStoreBackendApplication  : Starting HealthcareStoreBackendApplication using Java 23.0.2 with PID 14468 (D:\WWW\BaiTapLon\source\BE\BEFull\healthcare-store-backend\target\classes started by Admin in D:\WWW\BaiTapLon\source\BE\BEFull\healthcare-store-backend)
2025-12-10T01:02:58.803+07:00  INFO 14468 --- [healthcare-store-backend] [restartedMain] i.f.s.HealthcareStoreBackendApplication  : No active profile set, falling back to 1 default profile: "default"
2025-12-10T01:02:58.843+07:00  INFO 14468 --- [healthcare-store-backend] [restartedMain] .e.DevToolsPropertyDefaultsPostProcessor : Devtools property defaults active! Set 'spring.devtools.add-properties' to 'false' to disable
2025-12-10T01:02:58.843+07:00  INFO 14468 --- [healthcare-store-backend] [restartedMain] .e.DevToolsPropertyDefaultsPostProcessor : For additional web related logging consider setting the 'logging.level.web' property to 'DEBUG'
2025-12-10T01:02:59.409+07:00  INFO 14468 --- [healthcare-store-backend] [restartedMain] .s.d.r.c.RepositoryConfigurationDelegate : Bootstrapping Spring Data JPA repositories in DEFAULT mode.
2025-12-10T01:02:59.469+07:00  INFO 14468 --- [healthcare-store-backend] [restartedMain] .s.d.r.c.RepositoryConfigurationDelegate : Finished Spring Data repository scanning in 52 ms. Found 8 JPA repository interfaces.
2025-12-10T01:02:59.817+07:00  INFO 14468 --- [healthcare-store-backend] [restartedMain] o.s.b.w.embedded.tomcat.TomcatWebServer  : Tomcat initialized with port 8386 (http)
2025-12-10T01:02:59.827+07:00  INFO 14468 --- [healthcare-store-backend] [restartedMain] o.apache.catalina.core.StandardService   : Starting service [Tomcat]
2025-12-10T01:02:59.827+07:00  INFO 14468 --- [healthcare-store-backend] [restartedMain] o.apache.catalina.core.StandardEngine    : Starting Servlet engine: [Apache Tomcat/10.1.48]
2025-12-10T01:02:59.860+07:00  INFO 14468 --- [healthcare-store-backend] [restartedMain] o.a.c.c.C.[Tomcat].[localhost].[/]       : Initializing Spring embedded WebApplicationContext
2025-12-10T01:02:59.860+07:00  INFO 14468 --- [healthcare-store-backend] [restartedMain] w.s.c.ServletWebServerApplicationContext : Root WebApplicationContext: initialization completed in 1017 ms
2025-12-10T01:03:00.146+07:00  INFO 14468 --- [healthcare-store-backend] [restartedMain] o.s.o.j.p.SpringPersistenceUnitInfo      : No LoadTimeWeaver setup: ignoring JPA class transformer
2025-12-10T01:03:00.165+07:00  INFO 14468 --- [healthcare-store-backend] [restartedMain] com.zaxxer.hikari.HikariDataSource       : HikariPool-1 - Starting...
2025-12-10T01:03:00.223+07:00  INFO 14468 --- [healthcare-store-backend] [restartedMain] com.zaxxer.hikari.pool.HikariPool        : HikariPool-1 - Added connection org.mariadb.jdbc.Connection@8d1522c
2025-12-10T01:03:00.224+07:00  INFO 14468 --- [healthcare-store-backend] [restartedMain] com.zaxxer.hikari.HikariDataSource       : HikariPool-1 - Start completed.
2025-12-10T01:03:01.015+07:00  INFO 14468 --- [healthcare-store-backend] [restartedMain] j.LocalContainerEntityManagerFactoryBean : Initialized JPA EntityManagerFactory for persistence unit 'default'
2025-12-10T01:03:01.302+07:00  INFO 14468 --- [healthcare-store-backend] [restartedMain] o.s.d.j.r.query.QueryEnhancerFactory     : Hibernate is in classpath; If applicable, HQL parser will be used.
2025-12-10T01:03:02.428+07:00  WARN 14468 --- [healthcare-store-backend] [restartedMain] JpaBaseConfiguration$JpaWebConfiguration : spring.jpa.open-in-view is enabled by default. Therefore, database queries may be performed during view rendering. Explicitly configure spring.jpa.open-in-view to disable this warning
2025-12-10T01:03:02.507+07:00 DEBUG 14468 --- [healthcare-store-backend] [restartedMain] s.w.s.m.m.a.RequestMappingHandlerMapping : 52 mappings in 'requestMappingHandlerMapping'
2025-12-10T01:03:02.556+07:00 DEBUG 14468 --- [healthcare-store-backend] [restartedMain] o.s.w.s.handler.SimpleUrlHandlerMapping  : Patterns [/webjars/**, /**, /swagger-ui*/*swagger-initializer.js, /swagger-ui*/**] in 'resourceHandlerMapping'
2025-12-10T01:03:02.578+07:00  INFO 14468 --- [healthcare-store-backend] [restartedMain] eAuthenticationProviderManagerConfigurer : Global AuthenticationManager configured with AuthenticationProvider bean with name authenticationProvider
2025-12-10T01:03:02.579+07:00  WARN 14468 --- [healthcare-store-backend] [restartedMain] r$InitializeUserDetailsManagerConfigurer : Global AuthenticationManager configured with an AuthenticationProvider bean. UserDetailsService beans will not be used by Spring Security for automatically configuring username/password login. Consider removing the AuthenticationProvider bean. Alternatively, consider using the UserDetailsService in a manually instantiated DaoAuthenticationProvider. If the current configuration is intentional, to turn off this warning, increase the logging level of 'org.springframework.security.config.annotation.authentication.configuration.InitializeUserDetailsBeanManagerConfigurer' to ERROR
2025-12-10T01:03:02.732+07:00 DEBUG 14468 --- [healthcare-store-backend] [restartedMain] s.w.s.m.m.a.RequestMappingHandlerAdapter : ControllerAdvice beans: 0 @ModelAttribute, 0 @InitBinder, 1 RequestBodyAdvice, 1 ResponseBodyAdvice
2025-12-10T01:03:02.773+07:00 DEBUG 14468 --- [healthcare-store-backend] [restartedMain] .m.m.a.ExceptionHandlerExceptionResolver : ControllerAdvice beans: 2 @ExceptionHandler, 1 ResponseBodyAdvice
2025-12-10T01:03:02.924+07:00  INFO 14468 --- [healthcare-store-backend] [restartedMain] o.s.b.d.a.OptionalLiveReloadServer       : LiveReload server is running on port 35729
2025-12-10T01:03:02.966+07:00  INFO 14468 --- [healthcare-store-backend] [restartedMain] o.s.b.w.embedded.tomcat.TomcatWebServer  : Tomcat started on port 8386 (http) with context path '/'
2025-12-10T01:03:02.975+07:00  INFO 14468 --- [healthcare-store-backend] [restartedMain] i.f.s.HealthcareStoreBackendApplication  : Started HealthcareStoreBackendApplication in 4.506 seconds (process running for 4.938)
2025-12-10T01:03:07.180+07:00  INFO 14468 --- [healthcare-store-backend] [http-nio-8386-exec-3] o.a.c.c.C.[Tomcat].[localhost].[/]       : Initializing Spring DispatcherServlet 'dispatcherServlet'
2025-12-10T01:03:07.180+07:00  INFO 14468 --- [healthcare-store-backend] [http-nio-8386-exec-3] o.s.web.servlet.DispatcherServlet        : Initializing Servlet 'dispatcherServlet'
2025-12-10T01:03:07.181+07:00 DEBUG 14468 --- [healthcare-store-backend] [http-nio-8386-exec-3] o.s.web.servlet.DispatcherServlet        : Detected StandardServletMultipartResolver
2025-12-10T01:03:07.181+07:00 DEBUG 14468 --- [healthcare-store-backend] [http-nio-8386-exec-3] o.s.web.servlet.DispatcherServlet        : Detected AcceptHeaderLocaleResolver
2025-12-10T01:03:07.181+07:00 DEBUG 14468 --- [healthcare-store-backend] [http-nio-8386-exec-3] o.s.web.servlet.DispatcherServlet        : Detected FixedThemeResolver
2025-12-10T01:03:07.181+07:00 DEBUG 14468 --- [healthcare-store-backend] [http-nio-8386-exec-3] o.s.web.servlet.DispatcherServlet        : Detected org.springframework.web.servlet.view.DefaultRequestToViewNameTranslator@75b74e50
2025-12-10T01:03:07.182+07:00 DEBUG 14468 --- [healthcare-store-backend] [http-nio-8386-exec-3] o.s.web.servlet.DispatcherServlet        : Detected org.springframework.web.servlet.support.SessionFlashMapManager@74a85d28
2025-12-10T01:03:07.182+07:00 DEBUG 14468 --- [healthcare-store-backend] [http-nio-8386-exec-3] o.s.web.servlet.DispatcherServlet        : enableLoggingRequestDetails='false': request parameters and headers will be masked to prevent unsafe logging of potentially sensitive data
2025-12-10T01:03:07.182+07:00  INFO 14468 --- [healthcare-store-backend] [http-nio-8386-exec-3] o.s.web.servlet.DispatcherServlet        : Completed initialization in 1 ms
2025-12-10T01:03:07.369+07:00 DEBUG 14468 --- [healthcare-store-backend] [http-nio-8386-exec-3] o.s.web.servlet.DispatcherServlet        : GET "/api/dashboard/stats", parameters={}
2025-12-10T01:03:07.371+07:00 DEBUG 14468 --- [healthcare-store-backend] [http-nio-8386-exec-3] s.w.s.m.m.a.RequestMappingHandlerMapping : Mapped to iuh.fit.se.controllers.DashboardController#getDashboardStats()
2025-12-10T01:03:07.423+07:00 DEBUG 14468 --- [healthcare-store-backend] [http-nio-8386-exec-3] o.s.w.s.m.m.a.HttpEntityMethodProcessor  : Using 'application/json', given [*/*] and supported [application/json, application/*+json, application/yaml]
2025-12-10T01:03:07.424+07:00 DEBUG 14468 --- [healthcare-store-backend] [http-nio-8386-exec-3] o.s.w.s.m.m.a.HttpEntityMethodProcessor  : Writing [{success=true, message=Data retrieved successfully, data=iuh.fit.se.dtos.dashboard.DashboardStatsDTO (truncated)...]
2025-12-10T01:03:07.452+07:00 DEBUG 14468 --- [healthcare-store-backend] [http-nio-8386-exec-3] o.s.web.servlet.DispatcherServlet        : Completed 200 OK
2025-12-10T01:03:16.362+07:00 DEBUG 14468 --- [healthcare-store-backend] [http-nio-8386-exec-2] o.s.web.servlet.DispatcherServlet        : DELETE "/api/coupons/1", parameters={}
2025-12-10T01:03:16.363+07:00 DEBUG 14468 --- [healthcare-store-backend] [http-nio-8386-exec-2] s.w.s.m.m.a.RequestMappingHandlerMapping : Mapped to iuh.fit.se.controllers.CouponController#deleteCoupon(Long)
2025-12-10T01:03:16.386+07:00 DEBUG 14468 --- [healthcare-store-backend] [http-nio-8386-exec-2] o.s.w.s.m.m.a.HttpEntityMethodProcessor  : Using 'application/json', given [*/*] and supported [application/json, application/*+json, application/yaml]
2025-12-10T01:03:16.386+07:00 DEBUG 14468 --- [healthcare-store-backend] [http-nio-8386-exec-2] o.s.w.s.m.m.a.HttpEntityMethodProcessor  : Nothing to write: null body
2025-12-10T01:03:16.386+07:00 DEBUG 14468 --- [healthcare-store-backend] [http-nio-8386-exec-2] o.s.web.servlet.DispatcherServlet        : Completed 204 NO_CONTENT
2025-12-10T01:03:26.084+07:00 DEBUG 14468 --- [healthcare-store-backend] [http-nio-8386-exec-4] o.s.web.servlet.DispatcherServlet        : DELETE "/api/products/1", parameters={}
2025-12-10T01:03:26.085+07:00 DEBUG 14468 --- [healthcare-store-backend] [http-nio-8386-exec-4] s.w.s.m.m.a.RequestMappingHandlerMapping : Mapped to iuh.fit.se.controllers.ProductController#deleteProduct(Long)
2025-12-10T01:03:26.103+07:00 DEBUG 14468 --- [healthcare-store-backend] [http-nio-8386-exec-4] o.s.w.s.m.m.a.HttpEntityMethodProcessor  : Using 'application/json', given [*/*] and supported [application/json, application/*+json, application/yaml]
2025-12-10T01:03:26.104+07:00 DEBUG 14468 --- [healthcare-store-backend] [http-nio-8386-exec-4] o.s.w.s.m.m.a.HttpEntityMethodProcessor  : Writing [{success=true, message=Product deleted successfully (ID: 1)}]
2025-12-10T01:03:26.105+07:00 DEBUG 14468 --- [healthcare-store-backend] [http-nio-8386-exec-4] o.s.web.servlet.DispatcherServlet        : Completed 200 OK
2025-12-10T01:03:49.790+07:00 DEBUG 14468 --- [healthcare-store-backend] [http-nio-8386-exec-5] o.s.web.servlet.DispatcherServlet        : DELETE "/api/products/2", parameters={}
2025-12-10T01:03:49.791+07:00 DEBUG 14468 --- [healthcare-store-backend] [http-nio-8386-exec-5] s.w.s.m.m.a.RequestMappingHandlerMapping : Mapped to iuh.fit.se.controllers.ProductController#deleteProduct(Long)
2025-12-10T01:03:49.795+07:00 DEBUG 14468 --- [healthcare-store-backend] [http-nio-8386-exec-5] o.s.w.s.m.m.a.HttpEntityMethodProcessor  : Using 'application/json', given [*/*] and supported [application/json, application/*+json, application/yaml]
2025-12-10T01:03:49.795+07:00 DEBUG 14468 --- [healthcare-store-backend] [http-nio-8386-exec-5] o.s.w.s.m.m.a.HttpEntityMethodProcessor  : Writing [{success=true, message=Product deleted successfully (ID: 2)}]
2025-12-10T01:03:49.796+07:00 DEBUG 14468 --- [healthcare-store-backend] [http-nio-8386-exec-5] o.s.web.servlet.DispatcherServlet        : Completed 200 OK
2025-12-10T01:04:33.899+07:00  INFO 14468 --- [healthcare-store-backend] [SpringApplicationShutdownHook] o.s.b.w.e.tomcat.GracefulShutdown        : Commencing graceful shutdown. Waiting for active requests to complete
2025-12-10T01:04:33.902+07:00  INFO 14468 --- [healthcare-store-backend] [tomcat-shutdown] o.s.b.w.e.tomcat.GracefulShutdown        : Graceful shutdown complete
2025-12-10T01:04:33.907+07:00  INFO 14468 --- [healthcare-store-backend] [SpringApplicationShutdownHook] j.LocalContainerEntityManagerFactoryBean : Closing JPA EntityManagerFactory for persistence unit 'default'
2025-12-10T01:04:33.910+07:00  INFO 14468 --- [healthcare-store-backend] [SpringApplicationShutdownHook] com.zaxxer.hikari.HikariDataSource       : HikariPool-1 - Shutdown initiated...
2025-12-10T01:04:33.921+07:00  INFO 14468 --- [healthcare-store-backend] [SpringApplicationShutdownHook] com.zaxxer.hikari.HikariDataSource       : HikariPool-1 - Shutdown completed.
